#
# There is insufficient memory for the Java Runtime Environment to continue.
# Native memory allocation (mmap) failed to map 134217728 bytes for G1 virtual space
# Possible reasons:
#   The system is out of physical RAM or swap space
#   The process is running with CompressedOops enabled, and the Java Heap may be blocking the growth of the native heap
# Possible solutions:
#   Reduce memory load on the system
#   Increase physical memory or swap space
#   Check if swap backing store is full
#   Decrease Java heap size (-Xmx/-Xms)
#   Decrease number of Java threads
#   Decrease Java thread stack sizes (-Xss)
#   Set larger code cache with -XX:ReservedCodeCacheSize=
#   JVM is running with Unscaled Compressed Oops mode in which the Java heap is
#     placed in the first 4GB address space. The Java Heap base address is the
#     maximum limit for the native heap growth. Please use -XX:HeapBaseMinAddress
#     to set the Java Heap base and to place the Java Heap above 4GB virtual address.
# This output file may be truncated or incomplete.
#
#  Out of Memory Error (./open/src/hotspot/os/windows/os_windows.cpp:3472), pid=20812, tid=13864
#
# JRE version:  (15.0.1+9) (build )
# Java VM: Java HotSpot(TM) 64-Bit Server VM (15.0.1+9-18, mixed mode, sharing, tiered, compressed oops, g1 gc, windows-amd64)
# No core dump will be written. Minidumps are not enabled by default on client versions of Windows
#

---------------  S U M M A R Y ------------

Command Line: 

Host: Intel(R) Core(TM) i7-8565U CPU @ 1.80GHz, 8 cores, 7G,  Windows 10 , 64 bit Build 22621 (10.0.22621.3374)
Time: Mon Apr  8 22:21:40 2024 Jerusalem Daylight Time elapsed time: 0.070365 seconds (0d 0h 0m 0s)

---------------  T H R E A D  ---------------

Current thread (0x00000213a111c510):  JavaThread "Unknown thread" [_thread_in_vm, id=13864, stack(0x00000014da100000,0x00000014da200000)]

Stack: [0x00000014da100000,0x00000014da200000]
Native frames: (J=compiled Java code, j=interpreted, Vv=VM code, C=native code)
V  [jvm.dll+0x62ae9a]
V  [jvm.dll+0x781389]
V  [jvm.dll+0x782ae3]
V  [jvm.dll+0x783143]
V  [jvm.dll+0x216265]
V  [jvm.dll+0x6281d9]
V  [jvm.dll+0x61cd15]
V  [jvm.dll+0x2d01fd]
V  [jvm.dll+0x2d0062]
V  [jvm.dll+0x2d603c]
V  [jvm.dll+0x325b2a]
V  [jvm.dll+0x3251f4]
V  [jvm.dll+0x2a717a]
V  [jvm.dll+0x2a8318]
V  [jvm.dll+0x75e101]
V  [jvm.dll+0x3343e4]
V  [jvm.dll+0x73e826]
V  [jvm.dll+0x3b7777]
V  [jvm.dll+0x3b9201]
C  [jli.dll+0x52fb]
C  [ucrtbase.dll+0x29333]
C  [KERNEL32.DLL+0x1257d]
C  [ntdll.dll+0x5aa48]


---------------  P R O C E S S  ---------------

Threads class SMR info:
_java_thread_list=0x00007ffbee254ff0, length=0, elements={
}

Java Threads: ( => current thread )

Other Threads:
  0x00000213a1156390 GCTaskThread "GC Thread#0" [stack: 0x00000014da200000,0x00000014da300000] [id=21340]
  0x00000213a11682f0 ConcurrentGCThread "G1 Main Marker" [stack: 0x00000014da300000,0x00000014da400000] [id=8220]
  0x00000213a1169ef0 ConcurrentGCThread "G1 Conc#0" [stack: 0x00000014da400000,0x00000014da500000] [id=16644]

[error occurred during error reporting (printing all threads), id 0xc0000005, EXCEPTION_ACCESS_VIOLATION (0xc0000005) at pc=0x00007ffbeda48047]

VM state: not at safepoint (not fully initialized)

VM Mutex/Monitor currently owned by a thread:  ([mutex/lock_event])
[0x00000213a1117ec0] Heap_lock - owner thread: 0x00000213a111c510

Heap address: 0x0000000081c00000, size: 2020 MB, Compressed Oops mode: 32-bit
CDS archive(s) mapped at: [0x0000000000000000-0x0000000000000000-0x0000000000000000), size 0, SharedBaseAddress: 0x0000000800000000, ArchiveRelocationMode: 0.
Narrow klass base: 0x0000000000000000, Narrow klass shift: 0, Narrow klass range: 0x0

Heap:
 garbage-first heap   total 131072K, used 0K [0x0000000081c00000, 0x0000000100000000)
  region size 1024K, 0 young (0K), 0 survivors (0K)
 Metaspace       used 0K, capacity 0K, committed 0K, reserved 0K
  class space    used 0K, capacity 0K, committed 0K, reserved 0K

Heap Regions: E=young(eden), S=young(survivor), O=old, HS=humongous(starts), HC=humongous(continues), CS=collection set, F=free, OA=open archive, CA=closed archive, TAMS=top-at-mark-start (previous, next)

Card table byte_map: [0x00000213b8a60000,0x00000213b8e60000] _byte_map_base: 0x00000213b8652000

Marking Bits (Prev, Next): (CMBitMap*) 0x00000213a1156c00, (CMBitMap*) 0x00000213a1156c40
 Prev Bits: [0x00000213b9260000, 0x00000213bb1f0000)
 Next Bits: [0x00000213bb1f0000, 0x00000213bd180000)

GC Heap History (0 events):
No events

Deoptimization events (0 events):
No events

Classes unloaded (0 events):
No events

Classes redefined (0 events):
No events

Internal exceptions (0 events):
No events

Events (1 events):
Event: 0.018 Loaded shared library C:\Program Files\Java\jdk-15.0.1\bin\java.dll


Dynamic libraries:
0x00007ff722690000 - 0x00007ff72269f000 	C:\Program Files\Java\jdk-15.0.1\bin\java.exe
0x00007ffc69bd0000 - 0x00007ffc69de6000 	C:\WINDOWS\SYSTEM32\ntdll.dll
0x00007ffc68dd0000 - 0x00007ffc68e94000 	C:\WINDOWS\System32\KERNEL32.DLL
0x00007ffc67050000 - 0x00007ffc673f7000 	C:\WINDOWS\System32\KERNELBASE.dll
0x00007ffc63c20000 - 0x00007ffc63cb7000 	C:\WINDOWS\SYSTEM32\apphelp.dll
0x00007ffc67740000 - 0x00007ffc67851000 	C:\WINDOWS\System32\ucrtbase.dll
0x00007ffc4afd0000 - 0x00007ffc4afe8000 	C:\Program Files\Java\jdk-15.0.1\bin\jli.dll
0x00007ffc68ea0000 - 0x00007ffc68f52000 	C:\WINDOWS\System32\ADVAPI32.dll
0x00007ffc67f80000 - 0x00007ffc68027000 	C:\WINDOWS\System32\msvcrt.dll
0x00007ffc4ae90000 - 0x00007ffc4aea9000 	C:\Program Files\Java\jdk-15.0.1\bin\VCRUNTIME140.dll
0x00007ffc67a30000 - 0x00007ffc67ad8000 	C:\WINDOWS\System32\sechost.dll
0x00007ffc678d0000 - 0x00007ffc678f8000 	C:\WINDOWS\System32\bcrypt.dll
0x00007ffc67900000 - 0x00007ffc67a15000 	C:\WINDOWS\System32\RPCRT4.dll
0x00007ffc68030000 - 0x00007ffc681de000 	C:\WINDOWS\System32\USER32.dll
0x00007ffc4a920000 - 0x00007ffc4abb3000 	C:\WINDOWS\WinSxS\amd64_microsoft.windows.common-controls_6595b64144ccf1df_6.0.22621.3235_none_270f74e173860f98\COMCTL32.dll
0x00007ffc694b0000 - 0x00007ffc694d9000 	C:\WINDOWS\System32\GDI32.dll
0x00007ffc675f0000 - 0x00007ffc67616000 	C:\WINDOWS\System32\win32u.dll
0x00007ffc67620000 - 0x00007ffc67739000 	C:\WINDOWS\System32\gdi32full.dll
0x00007ffc66fb0000 - 0x00007ffc6704a000 	C:\WINDOWS\System32\msvcp_win.dll
0x00007ffc5d3a0000 - 0x00007ffc5d3aa000 	C:\WINDOWS\SYSTEM32\VERSION.dll
0x00007ffc68260000 - 0x00007ffc68291000 	C:\WINDOWS\System32\IMM32.DLL
0x00007ffc630e0000 - 0x00007ffc630ec000 	C:\Program Files\Java\jdk-15.0.1\bin\vcruntime140_1.dll
0x00007ffc12780000 - 0x00007ffc12811000 	C:\Program Files\Java\jdk-15.0.1\bin\msvcp140.dll
0x00007ffbed790000 - 0x00007ffbee2ee000 	C:\Program Files\Java\jdk-15.0.1\bin\server\jvm.dll
0x00007ffc698b0000 - 0x00007ffc698b8000 	C:\WINDOWS\System32\PSAPI.DLL
0x00007ffc63b70000 - 0x00007ffc63b79000 	C:\WINDOWS\SYSTEM32\WSOCK32.dll
0x00007ffc67b70000 - 0x00007ffc67be1000 	C:\WINDOWS\System32\WS2_32.dll
0x00007ffc5fc90000 - 0x00007ffc5fcc4000 	C:\WINDOWS\SYSTEM32\WINMM.dll
0x00007ffc65ff0000 - 0x00007ffc66008000 	C:\WINDOWS\SYSTEM32\kernel.appcore.dll
0x00007ffc60d50000 - 0x00007ffc60d5a000 	C:\Program Files\Java\jdk-15.0.1\bin\jimage.dll
0x00007ffc64a90000 - 0x00007ffc64cc3000 	C:\WINDOWS\SYSTEM32\DBGHELP.DLL
0x00007ffc67bf0000 - 0x00007ffc67f78000 	C:\WINDOWS\System32\combase.dll
0x00007ffc698c0000 - 0x00007ffc69997000 	C:\WINDOWS\System32\OLEAUT32.dll
0x00007ffc447b0000 - 0x00007ffc447e2000 	C:\WINDOWS\SYSTEM32\dbgcore.DLL
0x00007ffc67400000 - 0x00007ffc67479000 	C:\WINDOWS\System32\bcryptPrimitives.dll
0x00007ffc31e40000 - 0x00007ffc31e65000 	C:\Program Files\Java\jdk-15.0.1\bin\java.dll

dbghelp: loaded successfully - version: 4.0.5 - missing functions: none
symbol engine: initialized successfully - sym options: 0x614 - pdb path: .;C:\Program Files\Java\jdk-15.0.1\bin;C:\WINDOWS\SYSTEM32;C:\WINDOWS\WinSxS\amd64_microsoft.windows.common-controls_6595b64144ccf1df_6.0.22621.3235_none_270f74e173860f98;C:\Program Files\Java\jdk-15.0.1\bin\server

VM Arguments:
java_command: <unknown>
java_class_path (initial): <not set>
Launcher Type: SUN_STANDARD

[Global flags]
     intx CICompilerCount                          = 4                                         {product} {ergonomic}
     uint ConcGCThreads                            = 2                                         {product} {ergonomic}
     uint G1ConcRefinementThreads                  = 8                                         {product} {ergonomic}
   size_t G1HeapRegionSize                         = 1048576                                   {product} {ergonomic}
    uintx GCDrainStackTargetSize                   = 64                                        {product} {ergonomic}
   size_t InitialHeapSize                          = 134217728                                 {product} {ergonomic}
   size_t MarkStackSize                            = 4194304                                   {product} {ergonomic}
   size_t MaxHeapSize                              = 2118123520                                {product} {ergonomic}
   size_t MinHeapDeltaBytes                        = 1048576                                   {product} {ergonomic}
   size_t MinHeapSize                              = 8388608                                   {product} {ergonomic}
    uintx NonNMethodCodeHeapSize                   = 5839372                                {pd product} {ergonomic}
    uintx NonProfiledCodeHeapSize                  = 122909434                              {pd product} {ergonomic}
    uintx ProfiledCodeHeapSize                     = 122909434                              {pd product} {ergonomic}
    uintx ReservedCodeCacheSize                    = 251658240                              {pd product} {ergonomic}
     bool SegmentedCodeCache                       = true                                      {product} {ergonomic}
   size_t SoftMaxHeapSize                          = 2118123520                             {manageable} {ergonomic}
     bool UseCompressedClassPointers               = true                                 {lp64_product} {ergonomic}
     bool UseCompressedOops                        = true                                 {lp64_product} {ergonomic}
     bool UseG1GC                                  = true                                      {product} {ergonomic}
     bool UseLargePagesIndividualAllocation        = false                                  {pd product} {ergonomic}

Logging:
Log output configuration:
 #0: stdout all=warning uptime,level,tags
 #1: stderr all=off uptime,level,tags

Environment Variables:
PATH=C:\Program Files (x86)\VMware\VMware Workstation\bin\;C:\oraclexe\app\oracle\product\11.2.0\server\bin;C:\Program Files\Common Files\Oracle\Java\javapath;C:\windows\system32;C:\windows;C:\windows\System32\Wbem;C:\windows\System32\WindowsPowerShell\v1.0\;C:\windows\System32\OpenSSH\;C:\Program Files (x86)\NVIDIA Corporation\PhysX\Common;C:\Program Files\NVIDIA Corporation\NVIDIA NvDLISR;C:\Program Files\Microsoft SQL Server\Client SDK\ODBC\170\Tools\Binn\;C:\WINDOWS\system32;C:\WINDOWS;C:\WINDOWS\System32\Wbem;C:\WINDOWS\System32\WindowsPowerShell\v1.0\;C:\WINDOWS\System32\OpenSSH\;C:\Program Files (x86)\Microsoft SQL Server\150\Tools\Binn\;C:\Program Files\Microsoft SQL Server\150\Tools\Binn\;C:\Program Files\Microsoft SQL Server\150\DTS\Binn\;C:\Program Files\Azure Data Studio\bin;C:\Program Files\Git\cmd;C:\Program Files\nodejs\;C:\php-7.4.33;C:\ProgramData\ComposerSetup\bin;;C:\Program Files\HP\HP One Agent;C:\Users\lyale\AppData\Local\Programs\Python\Launcher\;C:\Users\lyale\AppData\Local\Microsoft\WindowsApps;C:\Program Files\Azure Data Studio\bin;C:\Users\lyale\AppData\Local\GitHubDesktop\bin;C:\Program Files\JetBrains\PyCharm 2021.3.3\bin;C:\Users\lyale\AppData\Local\Programs\Microsoft VS Code\bin;C:\Program Files\JetBrains\PyCharm Community Edition 2020.2.3\bin;C:\Users\lyale\AppData\Local\Microsoft\WindowsApps;C:\Program Files\MongoDB\Server\5.0\bin;C:\Users\lyale\AppData\Local\Programs\mongosh\;C:\Users\lyale\AppData\Roaming\npm;C:\Users\lyale\AppData\Roaming\Composer\vendor\bin
USERNAME=lyale
OS=Windows_NT
PROCESSOR_IDENTIFIER=Intel64 Family 6 Model 142 Stepping 12, GenuineIntel



---------------  S Y S T E M  ---------------

OS:
 Windows 10 , 64 bit Build 22621 (10.0.22621.3374)
OS uptime: 2 days 22:44 hours
HyperV virtualization detected

CPU: total 8 (initial active 8) (4 cores per cpu, 2 threads per core) family 6 model 142 stepping 12 microcode 0xde, cmov, cx8, fxsr, mmx, sse, sse2, sse3, ssse3, sse4.1, sse4.2, popcnt, vzeroupper, avx, avx2, aes, clmul, erms, 3dnowpref, lzcnt, ht, tsc, tscinvbit, bmi1, bmi2, adx, fma, clflush, clflushopt

Memory: 4k page, system-wide physical 8078M (333M free)
TotalPageFile size 16050M (AvailPageFile size 71M)
current process WorkingSet (physical memory assigned to process): 11M, peak: 11M
current process commit charge ("private bytes"): 60M, peak: 188M

vm_info: Java HotSpot(TM) 64-Bit Server VM (15.0.1+9-18) for windows-amd64 JRE (15.0.1+9-18), built on Sep 15 2020 14:43:54 by "mach5one" with unknown MS VC++:1925

END.
